wrk -t2 -c100 -d30s -R2000 --latency http://10.0.0.251:80

Running 30s test @ http://10.0.0.251:80
  2 threads and 100 connections
  Thread calibration: mean lat.: 4709.005ms, rate sampling interval: 15908ms
  Thread calibration: mean lat.: 4209.807ms, rate sampling interval: 14270ms
  Thread Stats   Avg      Stdev     Max   +/- Stdev
    Latency    15.72s     4.59s   23.90s    55.98%
    Req/Sec   126.00      0.00   126.00    100.00%
  Latency Distribution (HdrHistogram - Recorded Latency)
 50.000%   15.65s 
 75.000%   19.87s 
 90.000%   22.09s 
 99.000%   23.58s 
 99.900%   23.89s 
 99.990%   23.92s 
 99.999%   23.92s 
100.000%   23.92s 

  Detailed Percentile spectrum:
       Value   Percentile   TotalCount 1/(1-Percentile)

    7901.183     0.000000            1         1.00
    9584.639     0.100000          448         1.11
   10805.247     0.200000          891         1.25
   12443.647     0.300000         1341         1.43
   13950.975     0.400000         1783         1.67
   15646.719     0.500000         2229         2.00
   16523.263     0.550000         2452         2.22
   17285.119     0.600000         2677         2.50
   18169.855     0.650000         2900         2.86
   19070.975     0.700000         3120         3.33
   19890.175     0.750000         3351         4.00
   20234.239     0.775000         3456         4.44
   20545.535     0.800000         3565         5.00
   20971.519     0.825000         3676         5.71
   21315.583     0.850000         3789         6.67
   21692.415     0.875000         3901         8.00
   21905.407     0.887500         3954         8.89
   22085.631     0.900000         4017        10.00
   22249.471     0.912500         4070        11.43
   22347.775     0.925000         4121        13.33
   22626.303     0.937500         4178        16.00
   22724.607     0.943750         4206        17.78
   22790.143     0.950000         4239        20.00
   22872.063     0.956250         4261        22.86
   22970.367     0.962500         4293        26.67
   23035.903     0.968750         4317        32.00
   23068.671     0.971875         4333        35.56
   23101.439     0.975000         4345        40.00
   23199.743     0.978125         4358        45.71
   23330.815     0.981250         4372        53.33
   23412.735     0.984375         4386        64.00
   23478.271     0.985938         4394        71.11
   23511.039     0.987500         4401        80.00
   23560.191     0.989062         4408        91.43
   23592.959     0.990625         4416       106.67
   23625.727     0.992188         4424       128.00
   23625.727     0.992969         4424       142.22
   23658.495     0.993750         4428       160.00
   23691.263     0.994531         4431       182.86
   23756.799     0.995313         4435       213.33
   23789.567     0.996094         4438       256.00
   23805.951     0.996484         4440       284.44
   23822.335     0.996875         4445       320.00
   23822.335     0.997266         4445       365.71
   23822.335     0.997656         4445       426.67
   23838.719     0.998047         4447       512.00
   23871.487     0.998242         4449       568.89
   23871.487     0.998437         4449       640.00
   23871.487     0.998633         4449       731.43
   23887.871     0.998828         4453       853.33
   23887.871     0.999023         4453      1024.00
   23887.871     0.999121         4453      1137.78
   23887.871     0.999219         4453      1280.00
   23887.871     0.999316         4453      1462.86
   23887.871     0.999414         4453      1706.67
   23887.871     0.999512         4453      2048.00
   23904.255     0.999561         4454      2275.56
   23904.255     0.999609         4454      2560.00
   23904.255     0.999658         4454      2925.71
   23904.255     0.999707         4454      3413.33
   23904.255     0.999756         4454      4096.00
   23920.639     0.999780         4455      4551.11
   23920.639     1.000000         4455          inf
#[Mean    =    15721.102, StdDeviation   =     4586.022]
#[Max     =    23904.256, Total count    =         4455]
#[Buckets =           27, SubBuckets     =         2048]
----------------------------------------------------------
  7321 requests in 30.29s, 1.70MB read
  Socket errors: connect 0, read 0, write 0, timeout 100
  Non-2xx or 3xx responses: 3280
Requests/sec:    241.66
Transfer/sec:     57.43KB

